0 info it worked if it ends with ok
1 verbose cli [ 'C:\\Program Files\\nodejs\\node.exe',
1 verbose cli   'C:\\Program Files\\nodejs\\node_modules\\npm\\bin\\npm-cli.js',
1 verbose cli   'install',
1 verbose cli   '-g',
1 verbose cli   'nwjs' ]
2 info using npm@3.8.6
3 info using node@v6.1.0
4 silly loadCurrentTree Starting
5 silly install loadCurrentTree
6 silly install readGlobalPackageData
7 silly fetchPackageMetaData nwjs
8 silly fetchNamedPackageData nwjs
9 silly mapToRegistry name nwjs
10 silly mapToRegistry using default registry
11 silly mapToRegistry registry https://registry.npmjs.org/
12 silly mapToRegistry data Result {
12 silly mapToRegistry   raw: 'nwjs',
12 silly mapToRegistry   scope: null,
12 silly mapToRegistry   name: 'nwjs',
12 silly mapToRegistry   rawSpec: '',
12 silly mapToRegistry   spec: 'latest',
12 silly mapToRegistry   type: 'tag' }
13 silly mapToRegistry uri https://registry.npmjs.org/nwjs
14 verbose request uri https://registry.npmjs.org/nwjs
15 verbose request no auth needed
16 info attempt registry request try #1 at 14:05:13
17 verbose request using bearer token for auth
18 verbose request id 67f8d26ca3915516
19 http request GET https://registry.npmjs.org/nwjs
20 info retry will retry, error on last attempt: Error: tunneling socket could not be established, cause=connect ETIMEDOUT 195.221.244.33:3128
21 info attempt registry request try #2 at 14:05:45
22 verbose request using bearer token for auth
23 http request GET https://registry.npmjs.org/nwjs
24 info retry will retry, error on last attempt: Error: tunneling socket could not be established, cause=connect ETIMEDOUT 195.221.244.33:3128
25 info attempt registry request try #3 at 14:07:06
26 verbose request using bearer token for auth
27 http request GET https://registry.npmjs.org/nwjs
28 silly fetchPackageMetaData Error: tunneling socket could not be established, cause=connect ETIMEDOUT 195.221.244.33:3128
28 silly fetchPackageMetaData     at ClientRequest.onError (C:\Program Files\nodejs\node_modules\npm\node_modules\request\node_modules\tunnel-agent\index.js:176:17)
28 silly fetchPackageMetaData     at ClientRequest.g (events.js:286:16)
28 silly fetchPackageMetaData     at emitOne (events.js:96:13)
28 silly fetchPackageMetaData     at ClientRequest.emit (events.js:188:7)
28 silly fetchPackageMetaData     at Socket.socketErrorListener (_http_client.js:306:9)
28 silly fetchPackageMetaData     at emitOne (events.js:96:13)
28 silly fetchPackageMetaData     at Socket.emit (events.js:188:7)
28 silly fetchPackageMetaData     at emitErrorNT (net.js:1272:8)
28 silly fetchPackageMetaData     at _combinedTickCallback (internal/process/next_tick.js:74:11)
28 silly fetchPackageMetaData     at process._tickCallback (internal/process/next_tick.js:98:9)
28 silly fetchPackageMetaData  error for nwjs { Error: tunneling socket could not be established, cause=connect ETIMEDOUT 195.221.244.33:3128
28 silly fetchPackageMetaData     at ClientRequest.onError (C:\Program Files\nodejs\node_modules\npm\node_modules\request\node_modules\tunnel-agent\index.js:176:17)
28 silly fetchPackageMetaData     at ClientRequest.g (events.js:286:16)
28 silly fetchPackageMetaData     at emitOne (events.js:96:13)
28 silly fetchPackageMetaData     at ClientRequest.emit (events.js:188:7)
28 silly fetchPackageMetaData     at Socket.socketErrorListener (_http_client.js:306:9)
28 silly fetchPackageMetaData     at emitOne (events.js:96:13)
28 silly fetchPackageMetaData     at Socket.emit (events.js:188:7)
28 silly fetchPackageMetaData     at emitErrorNT (net.js:1272:8)
28 silly fetchPackageMetaData     at _combinedTickCallback (internal/process/next_tick.js:74:11)
28 silly fetchPackageMetaData     at process._tickCallback (internal/process/next_tick.js:98:9) code: 'ECONNRESET' }
29 silly rollbackFailedOptional Starting
30 silly rollbackFailedOptional Finishing
31 silly runTopLevelLifecycles Starting
32 silly runTopLevelLifecycles Finishing
33 silly install printInstalled
34 verbose stack Error: tunneling socket could not be established, cause=connect ETIMEDOUT 195.221.244.33:3128
34 verbose stack     at ClientRequest.onError (C:\Program Files\nodejs\node_modules\npm\node_modules\request\node_modules\tunnel-agent\index.js:176:17)
34 verbose stack     at ClientRequest.g (events.js:286:16)
34 verbose stack     at emitOne (events.js:96:13)
34 verbose stack     at ClientRequest.emit (events.js:188:7)
34 verbose stack     at Socket.socketErrorListener (_http_client.js:306:9)
34 verbose stack     at emitOne (events.js:96:13)
34 verbose stack     at Socket.emit (events.js:188:7)
34 verbose stack     at emitErrorNT (net.js:1272:8)
34 verbose stack     at _combinedTickCallback (internal/process/next_tick.js:74:11)
34 verbose stack     at process._tickCallback (internal/process/next_tick.js:98:9)
35 verbose cwd F:\Depots-GIT\PayPoint
36 error Windows_NT 10.0.14393
37 error argv "C:\\Program Files\\nodejs\\node.exe" "C:\\Program Files\\nodejs\\node_modules\\npm\\bin\\npm-cli.js" "install" "-g" "nwjs"
38 error node v6.1.0
39 error npm  v3.8.6
40 error code ECONNRESET
41 error network tunneling socket could not be established, cause=connect ETIMEDOUT 195.221.244.33:3128
42 error network This is most likely not a problem with npm itself
42 error network and is related to network connectivity.
42 error network In most cases you are behind a proxy or have bad network settings.
42 error network
42 error network If you are behind a proxy, please make sure that the
42 error network 'proxy' config is set properly.  See: 'npm help config'
43 verbose exit [ 1, true ]
